h:\blaircorban-summative1\shaders\x64\debug\vc141.pdb
h:\blaircorban-summative1\shaders\x64\debug\vc141.idb
h:\blaircorban-summative1\shaders\x64\debug\shaderhelper.obj
h:\blaircorban-summative1\shaders\x64\debug\model.obj
h:\blaircorban-summative1\shaders\x64\debug\main.obj
h:\blaircorban-summative1\shaders\x64\debug\gamescene.obj
h:\blaircorban-summative1\shaders\x64\debug\camera.obj
d:\users\blair.cor6870\documents\github\opengl\blaircorban-summative1\shaders\x64\debug\vc141.pdb
d:\users\blair.cor6870\documents\github\opengl\blaircorban-summative1\shaders\x64\debug\vc141.idb
d:\users\blair.cor6870\documents\github\opengl\blaircorban-summative1\shaders\x64\debug\camera.obj
d:\users\blair.cor6870\documents\github\opengl\blaircorban-summative1\shaders\x64\debug\gamescene.obj
d:\users\blair.cor6870\documents\github\opengl\blaircorban-summative1\shaders\x64\debug\main.obj
d:\users\blair.cor6870\documents\github\opengl\blaircorban-summative1\shaders\x64\debug\model.obj
d:\users\blair.cor6870\documents\github\opengl\blaircorban-summative1\shaders\x64\debug\shaderhelper.obj
d:\users\blair.cor6870\documents\github\openglvdfbdfb\blaircorban-summative1\shaders\x64\debug\camera.obj
d:\users\blair.cor6870\documents\github\openglvdfbdfb\blaircorban-summative1\shaders\x64\debug\gamescene.obj
d:\users\blair.cor6870\documents\github\openglvdfbdfb\blaircorban-summative1\shaders\x64\debug\main.obj
d:\users\blair.cor6870\documents\github\openglvdfbdfb\blaircorban-summative1\shaders\x64\debug\model.obj
d:\users\blair.cor6870\documents\github\openglvdfbdfb\blaircorban-summative1\shaders\x64\debug\shaderhelper.obj
d:\users\blair.cor6870\documents\github\openglvdfbdfb\blaircorban-summative1\shaders\x64\debug\vc141.idb
d:\users\blair.cor6870\documents\github\openglvdfbdfb\blaircorban-summative1\shaders\x64\debug\vc141.pdb
d:\users\blair.cor6870\documents\github\openglvdfbdfb\blaircorban-summative1\x64\debug\shaders.pdb
d:\users\blair.cor6870\documents\github\openglvdfbdfb\blaircorban-summative1\shaders\x64\debug\shaders.tlog\cl.command.1.tlog
d:\users\blair.cor6870\documents\github\openglvdfbdfb\blaircorban-summative1\shaders\x64\debug\shaders.tlog\cl.read.1.tlog
d:\users\blair.cor6870\documents\github\openglvdfbdfb\blaircorban-summative1\shaders\x64\debug\shaders.tlog\cl.write.1.tlog
d:\users\blair.cor6870\documents\github\openglvdfbdfb\blaircorban-summative1\shaders\x64\debug\shaders.tlog\link-cvtres.read.1.tlog
d:\users\blair.cor6870\documents\github\openglvdfbdfb\blaircorban-summative1\shaders\x64\debug\shaders.tlog\link-cvtres.write.1.tlog
d:\users\blair.cor6870\documents\github\openglvdfbdfb\blaircorban-summative1\shaders\x64\debug\shaders.tlog\link-rc.read.1.tlog
d:\users\blair.cor6870\documents\github\openglvdfbdfb\blaircorban-summative1\shaders\x64\debug\shaders.tlog\link-rc.write.1.tlog
d:\users\blair.cor6870\documents\github\openglvdfbdfb\blaircorban-summative1\shaders\x64\debug\shaders.tlog\link.command.1.tlog
d:\users\blair.cor6870\documents\github\openglvdfbdfb\blaircorban-summative1\shaders\x64\debug\shaders.tlog\link.read.1.tlog
d:\users\blair.cor6870\documents\github\openglvdfbdfb\blaircorban-summative1\shaders\x64\debug\shaders.tlog\link.write.1.tlog
